Start testing: Oct 23 22:16 EDT
----------------------------------------------------------
1/1 Testing: ARIMA_Test
1/1 Test: ARIMA_Test
Command: "/workspaces/cmn_template/poc/arima/cpp/test_arima"
Directory: /workspaces/cmn_template/poc/arima/cpp
"ARIMA_Test" start time: Oct 23 22:16 EDT
Output:
----------------------------------------------------------
[==========] Running 1 test from 1 test suite.
[----------] Global test environment set-up.
[----------] 1 test from ARIMATest
[ RUN      ] ARIMATest.BasicFunctionality
[       OK ] ARIMATest.BasicFunctionality (0 ms)
[----------] 1 test from ARIMATest (0 ms total)

[----------] Global test environment tear-down
[==========] 1 test from 1 test suite ran. (0 ms total)
[  PASSED  ] 1 test.
<end of output>
Test time =   0.00 sec
----------------------------------------------------------
Test Passed.
"ARIMA_Test" end time: Oct 23 22:16 EDT
"ARIMA_Test" time elapsed: 00:00:00
----------------------------------------------------------

End testing: Oct 23 22:16 EDT
